{"meta": {"version": "5.3", "timestamp": "2020-11-17T22:52:08.210396", "branch_coverage": false, "show_contexts": false}, "files": {"src\\sample\\__init__.py": {"executed_lines": [1], "summary": {"covered_lines": 1, "num_statements": 2, "percent_covered": 50.0, "missing_lines": 1, "excluded_lines": 0}, "missing_lines": [3], "excluded_lines": []}, "src\\sample\\isPangram.py": {"executed_lines": [1, 2, 3, 4, 5, 6, 7, 8, 10], "summary": {"covered_lines": 9, "num_statements": 9, "percent_covered": 100.0, "missing_lines": 0, "excluded_lines": 0}, "missing_lines": [], "excluded_lines": []}}, "totals": {"covered_lines": 10, "num_statements": 11, "percent_covered": 90.9090909090909, "missing_lines": 1, "excluded_lines": 0}}